--------------------------------------------------
-----Marvellous Platform Surveillance System------
Log Created at : Fri Feb 13 19:42:48 2026
--------------------------------------------------

CPU Usage : 39.8 %
--------------------------------------------------
RAM Usage : 87.1 %
--------------------------------------------------

Process Report With Open Files Count
--------------------------------------------------
Process Name : System Idle Process
PID : 0
Number of files opened : 0
--------------------------------------------------
Process Name : System
PID : 4
Number of files opened : 0
--------------------------------------------------
Process Name : Registry
PID : 100
Number of files opened : Access Denied
--------------------------------------------------
Process Name : msedgewebview2.exe
PID : 364
Number of files opened : 33
--------------------------------------------------
Process Name : fontdrvhost.exe
PID : 400
Number of files opened : Access Denied
--------------------------------------------------
Process Name : smss.exe
PID : 592
Number of files opened : Access Denied
--------------------------------------------------
Process Name : WUDFHost.exe
PID : 616
Number of files opened : Access Denied
--------------------------------------------------
Process Name : csrss.exe
PID : 708
Number of files opened : Access Denied
--------------------------------------------------
Process Name : igfxCUIService.exe
PID : 796
Number of files opened : Access Denied
--------------------------------------------------
Process Name : csrss.exe
PID : 804
Number of files opened : Access Denied
--------------------------------------------------
Process Name : wininit.exe
PID : 820
Number of files opened : Access Denied
--------------------------------------------------
Process Name : services.exe
PID : 876
Number of files opened : Access Denied
--------------------------------------------------
Process Name : lsass.exe
PID : 884
Number of files opened : Access Denied
--------------------------------------------------
Process Name : svchost.exe
PID : 1016
Number of files opened : Access Denied
--------------------------------------------------
Process Name : winlogon.exe
PID : 1032
Number of files opened : Access Denied
--------------------------------------------------
Process Name : svchost.exe
PID : 1052
Number of files opened : Access Denied
--------------------------------------------------
Process Name : fontdrvhost.exe
PID : 1124
Number of files opened : Access Denied
--------------------------------------------------
Process Name : svchost.exe
PID : 1172
Number of files opened : Access Denied
--------------------------------------------------
Process Name : WUDFHost.exe
PID : 1216
Number of files opened : Access Denied
--------------------------------------------------
Process Name : svchost.exe
PID : 1320
Number of files opened : Access Denied
--------------------------------------------------
Process Name : svchost.exe
PID : 1328
Number of files opened : Access Denied
--------------------------------------------------
Process Name : svchost.exe
PID : 1336
Number of files opened : Access Denied
--------------------------------------------------
Process Name : StartMenuExperienceHost.exe
PID : 1376
Number of files opened : 15
--------------------------------------------------
Process Name : svchost.exe
PID : 1400
Number of files opened : Access Denied
--------------------------------------------------
Process Name : svchost.exe
PID : 1448
Number of files opened : Access Denied
--------------------------------------------------
Process Name : RuntimeBroker.exe
PID : 1460
Number of files opened : 5
--------------------------------------------------
Process Name : dwm.exe
PID : 1496
Number of files opened : Access Denied
--------------------------------------------------
Process Name : svchost.exe
PID : 1544
Number of files opened : Access Denied
--------------------------------------------------
Process Name : IntelCpHDCPSvc.exe
PID : 1576
Number of files opened : Access Denied
--------------------------------------------------
Process Name : RuntimeBroker.exe
PID : 1620
Number of files opened : 5
--------------------------------------------------
Process Name : svchost.exe
PID : 1656
Number of files opened : Access Denied
--------------------------------------------------
Process Name : svchost.exe
PID : 1800
Number of files opened : Access Denied
--------------------------------------------------
Process Name : svchost.exe
PID : 1808
Number of files opened : Access Denied
--------------------------------------------------
Process Name : pet.exe
PID : 1828
Number of files opened : 9
--------------------------------------------------
Process Name : sihost.exe
PID : 1884
Number of files opened : 5
--------------------------------------------------
Process Name : IntelCpHeciSvc.exe
PID : 1888
Number of files opened : Access Denied
--------------------------------------------------
Process Name : svchost.exe
PID : 1932
Number of files opened : Access Denied
--------------------------------------------------
Process Name : svchost.exe
PID : 1960
Number of files opened : Access Denied
--------------------------------------------------
Process Name : svchost.exe
PID : 1996
Number of files opened : Access Denied
--------------------------------------------------
Process Name : svchost.exe
PID : 2116
Number of files opened : Access Denied
--------------------------------------------------
Process Name : MemCompression
PID : 2124
Number of files opened : Access Denied
--------------------------------------------------
Process Name : svchost.exe
PID : 2156
Number of files opened : Access Denied
--------------------------------------------------
Process Name : svchost.exe
PID : 2228
Number of files opened : Access Denied
--------------------------------------------------
Process Name : svchost.exe
PID : 2320
Number of files opened : Access Denied
--------------------------------------------------
Process Name : msedgewebview2.exe
PID : 2328
Number of files opened : 6
--------------------------------------------------
Process Name : SynTPEnhService.exe
PID : 2352
Number of files opened : Access Denied
--------------------------------------------------
Process Name : svchost.exe
PID : 2368
Number of files opened : Access Denied
--------------------------------------------------
Process Name : WmiPrvSE.exe
PID : 2372
Number of files opened : Access Denied
--------------------------------------------------
Process Name : chrome.exe
PID : 2380
Number of files opened : 1
--------------------------------------------------
Process Name : svchost.exe
PID : 2396
Number of files opened : Access Denied
--------------------------------------------------
Process Name : svchost.exe
PID : 2448
Number of files opened : Access Denied
--------------------------------------------------
Process Name : svchost.exe
PID : 2500
Number of files opened : Access Denied
--------------------------------------------------
Process Name : dasHost.exe
PID : 2536
Number of files opened : Access Denied
--------------------------------------------------
Process Name : svchost.exe
PID : 2604
Number of files opened : Access Denied
--------------------------------------------------
Process Name : svchost.exe
PID : 2624
Number of files opened : Access Denied
--------------------------------------------------
Process Name : NVDisplay.Container.exe
PID : 2700
Number of files opened : Access Denied
--------------------------------------------------
Process Name : svchost.exe
PID : 2724
Number of files opened : Access Denied
--------------------------------------------------
Process Name : powershell.exe
PID : 2732
Number of files opened : 9
--------------------------------------------------
Process Name : svchost.exe
PID : 2876
Number of files opened : Access Denied
--------------------------------------------------
Process Name : svchost.exe
PID : 2908
Number of files opened : Access Denied
--------------------------------------------------
Process Name : svchost.exe
PID : 2916
Number of files opened : Access Denied
--------------------------------------------------
Process Name : svchost.exe
PID : 2932
Number of files opened : Access Denied
--------------------------------------------------
Process Name : svchost.exe
PID : 2960
Number of files opened : Access Denied
--------------------------------------------------
Process Name : svchost.exe
PID : 3008
Number of files opened : Access Denied
--------------------------------------------------
Process Name : svchost.exe
PID : 3016
Number of files opened : Access Denied
--------------------------------------------------
Process Name : Code.exe
PID : 3036
Number of files opened : 18
--------------------------------------------------
Process Name : svchost.exe
PID : 3080
Number of files opened : Access Denied
--------------------------------------------------
Process Name : svchost.exe
PID : 3160
Number of files opened : Access Denied
--------------------------------------------------
Process Name : svchost.exe
PID : 3240
Number of files opened : Access Denied
--------------------------------------------------
Process Name : svchost.exe
PID : 3312
Number of files opened : Access Denied
--------------------------------------------------
Process Name : svchost.exe
PID : 3460
Number of files opened : Access Denied
--------------------------------------------------
Process Name : svchost.exe
PID : 3544
Number of files opened : Access Denied
--------------------------------------------------
Process Name : svchost.exe
PID : 3552
Number of files opened : Access Denied
--------------------------------------------------
Process Name : svchost.exe
PID : 3560
Number of files opened : Access Denied
--------------------------------------------------
Process Name : Code.exe
PID : 3612
Number of files opened : 16
--------------------------------------------------
Process Name : NVDisplay.Container.exe
PID : 3708
Number of files opened : Access Denied
--------------------------------------------------
Process Name : UserOOBEBroker.exe
PID : 3756
Number of files opened : 2
--------------------------------------------------
Process Name : svchost.exe
PID : 3816
Number of files opened : Access Denied
--------------------------------------------------
Process Name : svchost.exe
PID : 3836
Number of files opened : 18
--------------------------------------------------
Process Name : powershell.exe
PID : 3840
Number of files opened : 9
--------------------------------------------------
Process Name : svchost.exe
PID : 3848
Number of files opened : Access Denied
--------------------------------------------------
Process Name : Code.exe
PID : 3884
Number of files opened : 48
--------------------------------------------------
Process Name : svchost.exe
PID : 3904
Number of files opened : Access Denied
--------------------------------------------------
Process Name : svchost.exe
PID : 3940
Number of files opened : Access Denied
--------------------------------------------------
Process Name : svchost.exe
PID : 3964
Number of files opened : Access Denied
--------------------------------------------------
Process Name : spoolsv.exe
PID : 4028
Number of files opened : Access Denied
--------------------------------------------------
Process Name : svchost.exe
PID : 4068
Number of files opened : 2
--------------------------------------------------
Process Name : svchost.exe
PID : 4080
Number of files opened : Access Denied
--------------------------------------------------
Process Name : svchost.exe
PID : 4100
Number of files opened : 1
--------------------------------------------------
Process Name : svchost.exe
PID : 4112
Number of files opened : Access Denied
--------------------------------------------------
Process Name : svchost.exe
PID : 4120
Number of files opened : Access Denied
--------------------------------------------------
Process Name : HPSIsvc.exe
PID : 4132
Number of files opened : Access Denied
--------------------------------------------------
Process Name : svchost.exe
PID : 4144
Number of files opened : Access Denied
--------------------------------------------------
Process Name : svchost.exe
PID : 4168
Number of files opened : Access Denied
--------------------------------------------------
Process Name : AnyDesk.exe
PID : 4204
Number of files opened : Access Denied
--------------------------------------------------
Process Name : powershell.exe
PID : 4212
Number of files opened : 9
--------------------------------------------------
Process Name : AdskLicensingService.exe
PID : 4244
Number of files opened : Access Denied
--------------------------------------------------
Process Name : OneApp.IGCC.WinService.exe
PID : 4252
Number of files opened : Access Denied
--------------------------------------------------
Process Name : esif_uf.exe
PID : 4264
Number of files opened : Access Denied
--------------------------------------------------
Process Name : svchost.exe
PID : 4320
Number of files opened : Access Denied
--------------------------------------------------
Process Name : svchost.exe
PID : 4364
Number of files opened : 12
--------------------------------------------------
Process Name : svchost.exe
PID : 4384
Number of files opened : Access Denied
--------------------------------------------------
Process Name : FNPLicensingService.exe
PID : 4416
Number of files opened : Access Denied
--------------------------------------------------
Process Name : RtkBtManServ.exe
PID : 4428
Number of files opened : Access Denied
--------------------------------------------------
Process Name : XtuService.exe
PID : 4440
Number of files opened : Access Denied
--------------------------------------------------
Process Name : svchost.exe
PID : 4452
Number of files opened : Access Denied
--------------------------------------------------
Process Name : svchost.exe
PID : 4460
Number of files opened : Access Denied
--------------------------------------------------
Process Name : CxAudioSvc.exe
PID : 4480
Number of files opened : Access Denied
--------------------------------------------------
Process Name : SECOMN64.exe
PID : 4488
Number of files opened : Access Denied
--------------------------------------------------
Process Name : SynAudSrv.exe
PID : 4500
Number of files opened : Access Denied
--------------------------------------------------
Process Name : svchost.exe
PID : 4556
Number of files opened : Access Denied
--------------------------------------------------
Process Name : sqlwriter.exe
PID : 4612
Number of files opened : Access Denied
--------------------------------------------------
Process Name : RtkAudUService64.exe
PID : 4624
Number of files opened : Access Denied
--------------------------------------------------
Process Name : svchost.exe
PID : 4632
Number of files opened : Access Denied
--------------------------------------------------
Process Name : chrome.exe
PID : 4648
Number of files opened : 60
--------------------------------------------------
Process Name : RstMwService.exe
PID : 4652
Number of files opened : Access Denied
--------------------------------------------------
Process Name : wslservice.exe
PID : 4660
Number of files opened : Access Denied
--------------------------------------------------
Process Name : ReportingServicesService.exe
PID : 4672
Number of files opened : Access Denied
--------------------------------------------------
Process Name : LMS.exe
PID : 4720
Number of files opened : Access Denied
--------------------------------------------------
Process Name : sqlservr.exe
PID : 4732
Number of files opened : Access Denied
--------------------------------------------------
Process Name : chrome.exe
PID : 4804
Number of files opened : 4
--------------------------------------------------
Process Name : svchost.exe
PID : 4872
Number of files opened : Access Denied
--------------------------------------------------
Process Name : prevhost.exe
PID : 4920
Number of files opened : 1
--------------------------------------------------
Process Name : jhi_service.exe
PID : 4972
Number of files opened : Access Denied
--------------------------------------------------
Process Name : chrome.exe
PID : 5020
Number of files opened : 22
--------------------------------------------------
Process Name : ShellExperienceHost.exe
PID : 5272
Number of files opened : 9
--------------------------------------------------
Process Name : sqlservr.exe
PID : 5292
Number of files opened : Access Denied
--------------------------------------------------
Process Name : svchost.exe
PID : 5324
Number of files opened : Access Denied
--------------------------------------------------
Process Name : RuntimeBroker.exe
PID : 5408
Number of files opened : 10
--------------------------------------------------
Process Name : msedgewebview2.exe
PID : 5512
Number of files opened : 21
--------------------------------------------------
Process Name : svchost.exe
PID : 5844
Number of files opened : Access Denied
--------------------------------------------------
Process Name : SearchApp.exe
PID : 6116
Number of files opened : 11
--------------------------------------------------
Process Name : SecurityHealthService.exe
PID : 6156
Number of files opened : Access Denied
--------------------------------------------------
Process Name : msedgewebview2.exe
PID : 6176
Number of files opened : 19
--------------------------------------------------
Process Name : svchost.exe
PID : 6380
Number of files opened : Access Denied
--------------------------------------------------
Process Name : svchost.exe
PID : 6772
Number of files opened : Access Denied
--------------------------------------------------
Process Name : svchost.exe
PID : 6900
Number of files opened : Access Denied
--------------------------------------------------
Process Name : dllhost.exe
PID : 6996
Number of files opened : Access Denied
--------------------------------------------------
Process Name : nearby_share.exe
PID : 7040
Number of files opened : 15
--------------------------------------------------
Process Name : fdlauncher.exe
PID : 7104
Number of files opened : Access Denied
--------------------------------------------------
Process Name : SynTPEnh.exe
PID : 7112
Number of files opened : 1
--------------------------------------------------
Process Name : NisSrv.exe
PID : 7156
Number of files opened : Access Denied
--------------------------------------------------
Process Name : svchost.exe
PID : 7332
Number of files opened : Access Denied
--------------------------------------------------
Process Name : msedgewebview2.exe
PID : 7440
Number of files opened : 6
--------------------------------------------------
Process Name : msedgewebview2.exe
PID : 7556
Number of files opened : 6
--------------------------------------------------
Process Name : chrome.exe
PID : 7584
Number of files opened : 23
--------------------------------------------------
Process Name : PresentationFontCache.exe
PID : 7976
Number of files opened : Access Denied
--------------------------------------------------
Process Name : SearchIndexer.exe
PID : 8008
Number of files opened : Access Denied
--------------------------------------------------
Process Name : fdhost.exe
PID : 8048
Number of files opened : Access Denied
--------------------------------------------------
Process Name : SECOCL64.exe
PID : 8052
Number of files opened : 0
--------------------------------------------------
Process Name : conhost.exe
PID : 8060
Number of files opened : 1
--------------------------------------------------
Process Name : conhost.exe
PID : 8120
Number of files opened : Access Denied
--------------------------------------------------
Process Name : taskhostw.exe
PID : 8216
Number of files opened : 11
--------------------------------------------------
Process Name : svchost.exe
PID : 8324
Number of files opened : Access Denied
--------------------------------------------------
Process Name : msedgewebview2.exe
PID : 8480
Number of files opened : 91
--------------------------------------------------
Process Name : svchost.exe
PID : 8492
Number of files opened : Access Denied
--------------------------------------------------
Process Name : msedgewebview2.exe
PID : 8504
Number of files opened : 17
--------------------------------------------------
Process Name : ctfmon.exe
PID : 8556
Number of files opened : Access Denied
--------------------------------------------------
Process Name : igfxEM.exe
PID : 8704
Number of files opened : 2
--------------------------------------------------
Process Name : explorer.exe
PID : 8776
Number of files opened : 94
--------------------------------------------------
Process Name : conhost.exe
PID : 8860
Number of files opened : 1
--------------------------------------------------
Process Name : chrome.exe
PID : 8932
Number of files opened : 24
--------------------------------------------------
Process Name : svchost.exe
PID : 8960
Number of files opened : Access Denied
--------------------------------------------------
Process Name : Code.exe
PID : 9092
Number of files opened : 23
--------------------------------------------------
Process Name : svchost.exe
PID : 9160
Number of files opened : Access Denied
--------------------------------------------------
Process Name : svchost.exe
PID : 9168
Number of files opened : Access Denied
--------------------------------------------------
Process Name : AggregatorHost.exe
PID : 9400
Number of files opened : Access Denied
--------------------------------------------------
Process Name : RuntimeBroker.exe
PID : 9856
Number of files opened : 8
--------------------------------------------------
Process Name : svchost.exe
PID : 10108
Number of files opened : 5
--------------------------------------------------
Process Name : RtkAudUService64.exe
PID : 10156
Number of files opened : 0
--------------------------------------------------
Process Name : MsMpEng.exe
PID : 10272
Number of files opened : Access Denied
--------------------------------------------------
Process Name : msedgewebview2.exe
PID : 10308
Number of files opened : 1
--------------------------------------------------
Process Name : Grammarly.Desktop.exe
PID : 10332
Number of files opened : 184
--------------------------------------------------
Process Name : TextInputHost.exe
PID : 10348
Number of files opened : 7
--------------------------------------------------
Process Name : conhost.exe
PID : 10624
Number of files opened : 1
--------------------------------------------------
Process Name : msedgewebview2.exe
PID : 10784
Number of files opened : 19
--------------------------------------------------
Process Name : msedgewebview2.exe
PID : 10792
Number of files opened : 3
--------------------------------------------------
Process Name : msedgewebview2.exe
PID : 10880
Number of files opened : 16
--------------------------------------------------
Process Name : svchost.exe
PID : 11104
Number of files opened : 7
--------------------------------------------------
Process Name : svchost.exe
PID : 11112
Number of files opened : Access Denied
--------------------------------------------------
Process Name : msedgewebview2.exe
PID : 11392
Number of files opened : 12
--------------------------------------------------
Process Name : SystemSettingsBroker.exe
PID : 11492
Number of files opened : 6
--------------------------------------------------
Process Name : msedgewebview2.exe
PID : 11552
Number of files opened : 112
--------------------------------------------------
Process Name : svchost.exe
PID : 11804
Number of files opened : Access Denied
--------------------------------------------------
Process Name : msedgewebview2.exe
PID : 11900
Number of files opened : 1
--------------------------------------------------
Process Name : SearchApp.exe
PID : 11984
Number of files opened : 56
--------------------------------------------------
Process Name : Grammarly.WebUI.exe
PID : 12112
Number of files opened : 3
--------------------------------------------------
Process Name : chrome.exe
PID : 12256
Number of files opened : 6
--------------------------------------------------
Process Name : svchost.exe
PID : 12372
Number of files opened : Access Denied
--------------------------------------------------
Process Name : msedgewebview2.exe
PID : 12548
Number of files opened : 12
--------------------------------------------------
Process Name : Code.exe
PID : 12788
Number of files opened : 9
--------------------------------------------------
Process Name : LockApp.exe
PID : 12920
Number of files opened : 13
--------------------------------------------------
Process Name : pet.exe
PID : 12992
Number of files opened : 3
--------------------------------------------------
Process Name : RuntimeBroker.exe
PID : 13216
Number of files opened : 7
--------------------------------------------------
Process Name : SearchFilterHost.exe
PID : 13268
Number of files opened : Access Denied
--------------------------------------------------
Process Name : ApplicationFrameHost.exe
PID : 13504
Number of files opened : 8
--------------------------------------------------
Process Name : conhost.exe
PID : 13736
Number of files opened : 1
--------------------------------------------------
Process Name : svchost.exe
PID : 13772
Number of files opened : 1
--------------------------------------------------
Process Name : TabTip.exe
PID : 13780
Number of files opened : Access Denied
--------------------------------------------------
Process Name : msedgewebview2.exe
PID : 13952
Number of files opened : 91
--------------------------------------------------
Process Name : svchost.exe
PID : 14024
Number of files opened : Access Denied
--------------------------------------------------
Process Name : svchost.exe
PID : 14052
Number of files opened : Access Denied
--------------------------------------------------
Process Name : BraveCrashHandler.exe
PID : 14076
Number of files opened : Access Denied
--------------------------------------------------
Process Name : BraveCrashHandler64.exe
PID : 14084
Number of files opened : Access Denied
--------------------------------------------------
Process Name : dllhost.exe
PID : 14292
Number of files opened : 4
--------------------------------------------------
Process Name : msedgewebview2.exe
PID : 14324
Number of files opened : 6
--------------------------------------------------
Process Name : conhost.exe
PID : 14420
Number of files opened : 1
--------------------------------------------------
Process Name : IGCC.exe
PID : 14460
Number of files opened : 8
--------------------------------------------------
Process Name : chrome.exe
PID : 14612
Number of files opened : 87
--------------------------------------------------
Process Name : powershell.exe
PID : 14924
Number of files opened : 10
--------------------------------------------------
Process Name : chrome.exe
PID : 14936
Number of files opened : 35
--------------------------------------------------
Process Name : msedgewebview2.exe
PID : 15072
Number of files opened : 33
--------------------------------------------------
Process Name : chrome.exe
PID : 15128
Number of files opened : 201
--------------------------------------------------
Process Name : chrome.exe
PID : 15708
Number of files opened : 10
--------------------------------------------------
Process Name : svchost.exe
PID : 15844
Number of files opened : Access Denied
--------------------------------------------------
Process Name : CompPkgSrv.exe
PID : 16080
Number of files opened : 0
--------------------------------------------------
Process Name : taskhostw.exe
PID : 16320
Number of files opened : Access Denied
--------------------------------------------------
Process Name : chrome.exe
PID : 16348
Number of files opened : 7
--------------------------------------------------
Process Name : chrome.exe
PID : 16356
Number of files opened : 11
--------------------------------------------------
Process Name : MpDefenderCoreService.exe
PID : 16692
Number of files opened : Access Denied
--------------------------------------------------
Process Name : conhost.exe
PID : 16816
Number of files opened : 1
--------------------------------------------------
Process Name : svchost.exe
PID : 17020
Number of files opened : Access Denied
--------------------------------------------------
Process Name : msedgewebview2.exe
PID : 17096
Number of files opened : 1
--------------------------------------------------
Process Name : dllhost.exe
PID : 17160
Number of files opened : 3
--------------------------------------------------
Process Name : SystemSettings.exe
PID : 17224
Number of files opened : 14
--------------------------------------------------
Process Name : msedgewebview2.exe
PID : 17372
Number of files opened : 99
--------------------------------------------------
Process Name : MoUsoCoreWorker.exe
PID : 17640
Number of files opened : Access Denied
--------------------------------------------------
Process Name : powershell.exe
PID : 17904
Number of files opened : 10
--------------------------------------------------
Process Name : Code.exe
PID : 17908
Number of files opened : 49
--------------------------------------------------
Process Name : RuntimeBroker.exe
PID : 17944
Number of files opened : 0
--------------------------------------------------
Process Name : powershell.exe
PID : 18088
Number of files opened : 9
--------------------------------------------------
Process Name : svchost.exe
PID : 18128
Number of files opened : 1
--------------------------------------------------
Process Name : Code.exe
PID : 18168
Number of files opened : 16
--------------------------------------------------
Process Name : msedgewebview2.exe
PID : 18300
Number of files opened : 14
--------------------------------------------------
Process Name : conhost.exe
PID : 18744
Number of files opened : 1
--------------------------------------------------
Process Name : wlanext.exe
PID : 19332
Number of files opened : Access Denied
--------------------------------------------------
Process Name : python.exe
PID : 19396
Number of files opened : 1
--------------------------------------------------
Process Name : msedgewebview2.exe
PID : 19568
Number of files opened : 1
--------------------------------------------------
Process Name : chrome.exe
PID : 19680
Number of files opened : 23
--------------------------------------------------
Process Name : Code.exe
PID : 19760
Number of files opened : 6
--------------------------------------------------
Process Name : Code.exe
PID : 19844
Number of files opened : 2
--------------------------------------------------
Process Name : chrome.exe
PID : 19924
Number of files opened : 43
--------------------------------------------------
Process Name : Code.exe
PID : 19952
Number of files opened : 8
--------------------------------------------------
Process Name : Code.exe
PID : 20484
Number of files opened : 48
--------------------------------------------------
Process Name : SearchProtocolHost.exe
PID : 20488
Number of files opened : Access Denied
--------------------------------------------------
Process Name : msedgewebview2.exe
PID : 20752
Number of files opened : 21
--------------------------------------------------
Process Name : HelpPane.exe
PID : 20884
Number of files opened : 5
--------------------------------------------------
Process Name : Code.exe
PID : 20888
Number of files opened : 7
--------------------------------------------------
Process Name : RuntimeBroker.exe
PID : 20964
Number of files opened : 0
--------------------------------------------------
Process Name : powershell.exe
PID : 20992
Number of files opened : 10
--------------------------------------------------
Process Name : conhost.exe
PID : 21052
Number of files opened : 3
--------------------------------------------------
Process Name : Code.exe
PID : 21548
Number of files opened : 8
--------------------------------------------------
Process Name : msedgewebview2.exe
PID : 21784
Number of files opened : 106
--------------------------------------------------
Process Name : powershell.exe
PID : 21824
Number of files opened : 9
--------------------------------------------------
Process Name : python.exe
PID : 22004
Number of files opened : 2
--------------------------------------------------
Process Name : CodeSetup-stable-bdd88df003631aaa0bcbe057cb0a940b80a476fa.exe
PID : 22252
Number of files opened : 34
--------------------------------------------------
Process Name : Code.exe
PID : 22348
Number of files opened : 23
--------------------------------------------------
Process Name : Video.UI.exe
PID : 22468
Number of files opened : 10
--------------------------------------------------
Process Name : msedgewebview2.exe
PID : 22712
Number of files opened : 1
--------------------------------------------------
Process Name : Code.exe
PID : 22824
Number of files opened : 7
--------------------------------------------------
Process Name : svchost.exe
PID : 23032
Number of files opened : 2
--------------------------------------------------
Process Name : msedgewebview2.exe
PID : 23124
Number of files opened : 6
--------------------------------------------------
Process Name : msedgewebview2.exe
PID : 23532
Number of files opened : 17
--------------------------------------------------
Process Name : FileCoAuth.exe
PID : 23796
Number of files opened : 6
--------------------------------------------------
Process Name : crashpad_handler.exe
PID : 23952
Number of files opened : 0
--------------------------------------------------
Process Name : M365Copilot.exe
PID : 23988
Number of files opened : 21
--------------------------------------------------
Process Name : notepad++.exe
PID : 24080
Number of files opened : 6
--------------------------------------------------
Process Name : svchost.exe
PID : 24164
Number of files opened : Access Denied
--------------------------------------------------
Process Name : svchost.exe
PID : 24536
Number of files opened : Access Denied
--------------------------------------------------
Process Name : BraveUpdate.exe
PID : 24604
Number of files opened : Access Denied
--------------------------------------------------
Process Name : conhost.exe
PID : 24880
Number of files opened : 1
--------------------------------------------------
Process Name : CodeSetup-stable-bdd88df003631aaa0bcbe057cb0a940b80a476fa.tmp
PID : 25428
Number of files opened : 7
--------------------------------------------------
Process Name : dllhost.exe
PID : 25504
Number of files opened : 2
--------------------------------------------------
Process Name : Code.exe
PID : 25544
Number of files opened : 15
--------------------------------------------------
Process Name : Code.exe
PID : 25680
Number of files opened : 101
--------------------------------------------------
Process Name : cmd.exe
PID : 26100
Number of files opened : 1
--------------------------------------------------
Process Name : conhost.exe
PID : 26272
Number of files opened : 1
--------------------------------------------------
Process Name : chrome.exe
PID : 26408
Number of files opened : 35
--------------------------------------------------
Process Name : conhost.exe
PID : 26940
Number of files opened : Access Denied
--------------------------------------------------
Process Name : msedgewebview2.exe
PID : 27212
Number of files opened : 9
--------------------------------------------------
Process Name : conhost.exe
PID : 27288
Number of files opened : 1
--------------------------------------------------
Process Name : OneDrive.Sync.Service.exe
PID : 27348
Number of files opened : 19
--------------------------------------------------
Process Name : taskhostw.exe
PID : 27400
Number of files opened : 1
--------------------------------------------------
Process Name : conhost.exe
PID : 27620
Number of files opened : 1
--------------------------------------------------
Process Name : OneDrive.exe
PID : 27792
Number of files opened : 49
--------------------------------------------------
Process Name : msedgewebview2.exe
PID : 27820
Number of files opened : 37
--------------------------------------------------
Process Name : conhost.exe
PID : 28092
Number of files opened : 1
--------------------------------------------------
Process Name : Code.exe
PID : 28296
Number of files opened : 8
--------------------------------------------------
Process Name : msedgewebview2.exe
PID : 28620
Number of files opened : 22
--------------------------------------------------

Disk Usage Report
--------------------------------------------------
C:\ -> 95.9 % used
D:\ -> 22.4 % used
E:\ -> 41.9 % used
F:\ -> 33.9 % used
G:\ -> 67.8 % used
--------------------------------------------------

Network Usage Report
Sent : 45.90 MB
Recv : 258.73 MB
--------------------------------------------------
------------End of Log File------------
--------------------------------------------------
