--------------------------------------------------
-----Marvellous Platform Surveillance System------
Log Created at :Fri Feb 13 22:42:21 2026
--------------------------------------------------


Top 10 Memory Consuming Processes
--------------------------------------------------
Process : Code.exe
PID : 25544
RSS : 423.68 MB
VMS : 1605.96 MB
Memory % : 5.23
--------------------------------------------------
Process : Code.exe
PID : 3612
RSS : 384.78 MB
VMS : 719.36 MB
Memory % : 4.75
--------------------------------------------------
Process : chrome.exe
PID : 4648
RSS : 270.55 MB
VMS : 510.91 MB
Memory % : 3.34
--------------------------------------------------
Process : Code.exe
PID : 9092
RSS : 264.71 MB
VMS : 494.46 MB
Memory % : 3.27
--------------------------------------------------
Process : Code.exe
PID : 3884
RSS : 261.99 MB
VMS : 392.60 MB
Memory % : 3.24
--------------------------------------------------
Process : Code.exe
PID : 22348
RSS : 257.41 MB
VMS : 499.39 MB
Memory % : 3.18
--------------------------------------------------
Process : Code.exe
PID : 17908
RSS : 253.89 MB
VMS : 467.98 MB
Memory % : 3.14
--------------------------------------------------
Process : chrome.exe
PID : 6020
RSS : 194.17 MB
VMS : 198.19 MB
Memory % : 2.40
--------------------------------------------------
Process : chrome.exe
PID : 15128
RSS : 192.62 MB
VMS : 368.55 MB
Memory % : 2.38
--------------------------------------------------
Process : explorer.exe
PID : 8776
RSS : 183.60 MB
VMS : 612.82 MB
Memory % : 2.27
--------------------------------------------------
